2025-06-22T09:00:52.842+05:30  INFO 18716 --- [user-microservice] [main] c.h.u.UserMicroserviceApplication        : Starting UserMicroserviceApplication using Java 21.0.6 with PID 18716 (C:\Users\Yakesh\Downloads\Spring Training Repo\Spring-Training\user-microservice\target\classes started by Yakesh in C:\Users\Yakesh\Downloads\Spring Training Repo\Spring-Training\user-microservice)
2025-06-22T09:00:52.847+05:30  INFO 18716 --- [user-microservice] [main] c.h.u.UserMicroserviceApplication        : No active profile set, falling back to 1 default profile: "default"
2025-06-22T09:00:53.696+05:30  INFO 18716 --- [user-microservice] [main] .s.d.r.c.RepositoryConfigurationDelegate : Bootstrapping Spring Data JPA repositories in DEFAULT mode.
2025-06-22T09:00:53.748+05:30  INFO 18716 --- [user-microservice] [main] .s.d.r.c.RepositoryConfigurationDelegate : Finished Spring Data repository scanning in 44 ms. Found 2 JPA repository interfaces.
2025-06-22T09:00:54.249+05:30  INFO 18716 --- [user-microservice] [main] o.s.b.w.embedded.tomcat.TomcatWebServer  : Tomcat initialized with port 8080 (http)
2025-06-22T09:00:54.264+05:30  INFO 18716 --- [user-microservice] [main] o.apache.catalina.core.StandardService   : Starting service [Tomcat]
2025-06-22T09:00:54.264+05:30  INFO 18716 --- [user-microservice] [main] o.apache.catalina.core.StandardEngine    : Starting Servlet engine: [Apache Tomcat/10.1.41]
2025-06-22T09:00:54.323+05:30  INFO 18716 --- [user-microservice] [main] o.a.c.c.C.[Tomcat].[localhost].[/]       : Initializing Spring embedded WebApplicationContext
2025-06-22T09:00:54.324+05:30  INFO 18716 --- [user-microservice] [main] w.s.c.ServletWebServerApplicationContext : Root WebApplicationContext: initialization completed in 1426 ms
2025-06-22T09:00:54.458+05:30  INFO 18716 --- [user-microservice] [main] o.hibernate.jpa.internal.util.LogHelper  : HHH000204: Processing PersistenceUnitInfo [name: default]
2025-06-22T09:00:54.536+05:30  INFO 18716 --- [user-microservice] [main] org.hibernate.Version                    : HHH000412: Hibernate ORM core version 6.6.15.Final
2025-06-22T09:00:54.573+05:30  INFO 18716 --- [user-microservice] [main] o.h.c.internal.RegionFactoryInitiator    : HHH000026: Second-level cache disabled
2025-06-22T09:00:54.914+05:30  INFO 18716 --- [user-microservice] [main] o.s.o.j.p.SpringPersistenceUnitInfo      : No LoadTimeWeaver setup: ignoring JPA class transformer
2025-06-22T09:00:54.946+05:30  INFO 18716 --- [user-microservice] [main] com.zaxxer.hikari.HikariDataSource       : HikariPool-1 - Starting...
2025-06-22T09:00:55.418+05:30  INFO 18716 --- [user-microservice] [main] com.zaxxer.hikari.pool.HikariPool        : HikariPool-1 - Added connection com.mysql.cj.jdbc.ConnectionImpl@4d174189
2025-06-22T09:00:55.420+05:30  INFO 18716 --- [user-microservice] [main] com.zaxxer.hikari.HikariDataSource       : HikariPool-1 - Start completed.
2025-06-22T09:00:55.519+05:30  WARN 18716 --- [user-microservice] [main] org.hibernate.orm.deprecation            : HHH90000025: MySQLDialect does not need to be specified explicitly using 'hibernate.dialect' (remove the property setting and it will be selected by default)
2025-06-22T09:00:55.539+05:30  INFO 18716 --- [user-microservice] [main] org.hibernate.orm.connections.pooling    : HHH10001005: Database info:
	Database JDBC URL [Connecting through datasource 'HikariDataSource (HikariPool-1)']
	Database driver: undefined/unknown
	Database version: 8.0.41
	Autocommit mode: undefined/unknown
	Isolation level: undefined/unknown
	Minimum pool size: undefined/unknown
	Maximum pool size: undefined/unknown
2025-06-22T09:00:56.458+05:30  INFO 18716 --- [user-microservice] [main] o.h.e.t.j.p.i.JtaPlatformInitiator       : HHH000489: No JTA platform available (set 'hibernate.transaction.jta.platform' to enable JTA platform integration)
2025-06-22T09:00:56.675+05:30  INFO 18716 --- [user-microservice] [main] j.LocalContainerEntityManagerFactoryBean : Initialized JPA EntityManagerFactory for persistence unit 'default'
2025-06-22T09:00:57.091+05:30  INFO 18716 --- [user-microservice] [main] eAuthenticationProviderManagerConfigurer : Global AuthenticationManager configured with AuthenticationProvider bean with name authenticationProvider
2025-06-22T09:00:57.092+05:30  WARN 18716 --- [user-microservice] [main] r$InitializeUserDetailsManagerConfigurer : Global AuthenticationManager configured with an AuthenticationProvider bean. UserDetailsService beans will not be used by Spring Security for automatically configuring username/password login. Consider removing the AuthenticationProvider bean. Alternatively, consider using the UserDetailsService in a manually instantiated DaoAuthenticationProvider. If the current configuration is intentional, to turn off this warning, increase the logging level of 'org.springframework.security.config.annotation.authentication.configuration.InitializeUserDetailsBeanManagerConfigurer' to ERROR
2025-06-22T09:00:57.255+05:30  WARN 18716 --- [user-microservice] [main] JpaBaseConfiguration$JpaWebConfiguration : spring.jpa.open-in-view is enabled by default. Therefore, database queries may be performed during view rendering. Explicitly configure spring.jpa.open-in-view to disable this warning
2025-06-22T09:00:57.554+05:30  WARN 18716 --- [user-microservice] [main] thorizationManagerRequestMatcherRegistry : One of the patterns in [api/users/**, api/users/asset/**, api/users/asset-request/**, api/users/asset-allocation/**, api/users/audit-request/**, api/users/service-request/**, api/credential/**] is missing a leading slash. This is discouraged; please include the leading slash in all your request matcher patterns. In future versions of Spring Security, leaving out the leading slash will result in an exception.
2025-06-22T09:00:57.990+05:30  INFO 18716 --- [user-microservice] [main] o.s.b.w.embedded.tomcat.TomcatWebServer  : Tomcat started on port 8080 (http) with context path '/'
2025-06-22T09:00:57.998+05:30  INFO 18716 --- [user-microservice] [main] c.h.u.UserMicroserviceApplication        : Started UserMicroserviceApplication in 5.653 seconds (process running for 6.24)
2025-06-22T09:01:59.895+05:30  INFO 18716 --- [user-microservice] [http-nio-8080-exec-1] o.a.c.c.C.[Tomcat].[localhost].[/]       : Initializing Spring DispatcherServlet 'dispatcherServlet'
2025-06-22T09:01:59.895+05:30  INFO 18716 --- [user-microservice] [http-nio-8080-exec-1] o.s.web.servlet.DispatcherServlet        : Initializing Servlet 'dispatcherServlet'
2025-06-22T09:01:59.910+05:30  INFO 18716 --- [user-microservice] [http-nio-8080-exec-1] o.s.web.servlet.DispatcherServlet        : Completed initialization in 15 ms
2025-06-22T09:02:00.227+05:30  INFO 18716 --- [user-microservice] [http-nio-8080-exec-2] c.h.u.service.UsersServiceImp            : Attempting to add user with ID: null
2025-06-22T09:02:00.338+05:30  INFO 18716 --- [user-microservice] [http-nio-8080-exec-2] c.h.u.service.UsersServiceImp            : User added successfully with ID: 252
2025-06-22T09:03:48.189+05:30  INFO 18716 --- [user-microservice] [http-nio-8080-exec-6] c.h.u.service.UsersServiceImp            : Attempting to add user with ID: null
2025-06-22T09:03:48.198+05:30  INFO 18716 --- [user-microservice] [http-nio-8080-exec-6] c.h.u.service.UsersServiceImp            : User added successfully with ID: 253
2025-06-22T09:04:00.034+05:30  INFO 18716 --- [user-microservice] [http-nio-8080-exec-5] c.h.u.service.UsersServiceImp            : Attempting to add credential with ID: 253
2025-06-22T09:04:01.958+05:30  WARN 18716 --- [user-microservice] [http-nio-8080-exec-5] o.h.engine.jdbc.spi.SqlExceptionHelper   : SQL Error: 1062, SQLState: 23000
2025-06-22T09:04:01.958+05:30 ERROR 18716 --- [user-microservice] [http-nio-8080-exec-5] o.h.engine.jdbc.spi.SqlExceptionHelper   : Duplicate entry 'yakesh' for key 'credential.UK8kodun3l5jw113qe9icanwy9o'
2025-06-22T09:04:11.749+05:30  INFO 18716 --- [user-microservice] [http-nio-8080-exec-8] c.h.u.service.UsersServiceImp            : Attempting to add credential with ID: 253
2025-06-22T09:04:11.963+05:30  WARN 18716 --- [user-microservice] [http-nio-8080-exec-8] o.h.engine.jdbc.spi.SqlExceptionHelper   : SQL Error: 1062, SQLState: 23000
2025-06-22T09:04:11.966+05:30 ERROR 18716 --- [user-microservice] [http-nio-8080-exec-8] o.h.engine.jdbc.spi.SqlExceptionHelper   : Duplicate entry 'yakesh' for key 'credential.UK8kodun3l5jw113qe9icanwy9o'
2025-06-22T09:05:14.118+05:30  INFO 18716 --- [user-microservice] [http-nio-8080-exec-10] c.h.u.service.UsersServiceImp            : Attempting to add credential with ID: 253
2025-06-22T09:05:14.357+05:30  INFO 18716 --- [user-microservice] [http-nio-8080-exec-10] c.h.u.service.UsersServiceImp            : Credential added successfully with ID: 253
2025-06-22T09:08:06.745+05:30  INFO 18716 --- [user-microservice] [http-nio-8080-exec-4] c.h.u.service.UsersServiceImp            : Fetching credentials with username: batman
2025-06-22T09:08:06.749+05:30  INFO 18716 --- [user-microservice] [http-nio-8080-exec-4] c.h.u.service.UsersServiceImp            : Fetched credentials with username: batman
2025-06-22T09:08:10.400+05:30  INFO 18716 --- [user-microservice] [http-nio-8080-exec-5] c.h.u.service.UsersServiceImp            : Fetch all users
2025-06-22T09:08:10.409+05:30  INFO 18716 --- [user-microservice] [http-nio-8080-exec-5] c.h.u.service.UsersServiceImp            : Fetched all users
2025-06-22T09:08:38.115+05:30  INFO 18716 --- [user-microservice] [http-nio-8080-exec-9] c.h.u.service.UsersServiceImp            : Fetch all users
2025-06-22T09:08:38.122+05:30  INFO 18716 --- [user-microservice] [http-nio-8080-exec-9] c.h.u.service.UsersServiceImp            : Fetched all users
2025-06-22T09:08:38.198+05:30  INFO 18716 --- [user-microservice] [http-nio-8080-exec-8] c.h.u.service.UsersServiceImp            : Fetch all users
2025-06-22T09:08:38.206+05:30  INFO 18716 --- [user-microservice] [http-nio-8080-exec-8] c.h.u.service.UsersServiceImp            : Fetched all users
2025-06-22T09:08:38.325+05:30  INFO 18716 --- [user-microservice] [http-nio-8080-exec-7] c.h.u.service.UsersServiceImp            : Fetch all users
2025-06-22T09:08:38.333+05:30  INFO 18716 --- [user-microservice] [http-nio-8080-exec-7] c.h.u.service.UsersServiceImp            : Fetched all users
2025-06-22T09:08:38.446+05:30  INFO 18716 --- [user-microservice] [http-nio-8080-exec-10] c.h.u.service.UsersServiceImp            : Fetch all users
2025-06-22T09:08:38.456+05:30  INFO 18716 --- [user-microservice] [http-nio-8080-exec-10] c.h.u.service.UsersServiceImp            : Fetched all users
2025-06-22T09:08:41.469+05:30  INFO 18716 --- [user-microservice] [http-nio-8080-exec-1] c.h.u.service.UsersServiceImp            : Fetch all users
2025-06-22T09:08:41.476+05:30  INFO 18716 --- [user-microservice] [http-nio-8080-exec-1] c.h.u.service.UsersServiceImp            : Fetched all users
2025-06-22T09:08:41.561+05:30  INFO 18716 --- [user-microservice] [http-nio-8080-exec-2] c.h.u.service.UsersServiceImp            : Fetch all users
2025-06-22T09:08:41.571+05:30  INFO 18716 --- [user-microservice] [http-nio-8080-exec-2] c.h.u.service.UsersServiceImp            : Fetched all users
2025-06-22T09:08:41.684+05:30  INFO 18716 --- [user-microservice] [http-nio-8080-exec-3] c.h.u.service.UsersServiceImp            : Fetch all users
2025-06-22T09:08:41.695+05:30  INFO 18716 --- [user-microservice] [http-nio-8080-exec-3] c.h.u.service.UsersServiceImp            : Fetched all users
2025-06-22T09:08:41.843+05:30  INFO 18716 --- [user-microservice] [http-nio-8080-exec-4] c.h.u.service.UsersServiceImp            : Fetch all users
2025-06-22T09:08:41.850+05:30  INFO 18716 --- [user-microservice] [http-nio-8080-exec-4] c.h.u.service.UsersServiceImp            : Fetched all users
2025-06-22T09:08:42.530+05:30  INFO 18716 --- [user-microservice] [http-nio-8080-exec-6] c.h.u.service.UsersServiceImp            : Fetch all users
2025-06-22T09:08:42.539+05:30  INFO 18716 --- [user-microservice] [http-nio-8080-exec-6] c.h.u.service.UsersServiceImp            : Fetched all users
2025-06-22T09:08:42.672+05:30  INFO 18716 --- [user-microservice] [http-nio-8080-exec-5] c.h.u.service.UsersServiceImp            : Fetch all users
2025-06-22T09:08:42.682+05:30  INFO 18716 --- [user-microservice] [http-nio-8080-exec-5] c.h.u.service.UsersServiceImp            : Fetched all users
2025-06-22T09:08:45.404+05:30  INFO 18716 --- [user-microservice] [http-nio-8080-exec-8] c.h.u.service.UsersServiceImp            : Fetch all users
2025-06-22T09:08:45.416+05:30  INFO 18716 --- [user-microservice] [http-nio-8080-exec-8] c.h.u.service.UsersServiceImp            : Fetched all users
2025-06-22T09:08:48.186+05:30  INFO 18716 --- [user-microservice] [http-nio-8080-exec-7] c.h.u.service.UsersServiceImp            : Fetch all users
2025-06-22T09:08:48.192+05:30  INFO 18716 --- [user-microservice] [http-nio-8080-exec-7] c.h.u.service.UsersServiceImp            : Fetched all users
2025-06-22T09:08:48.300+05:30  INFO 18716 --- [user-microservice] [http-nio-8080-exec-10] c.h.u.service.UsersServiceImp            : Fetch all users
2025-06-22T09:08:48.306+05:30  INFO 18716 --- [user-microservice] [http-nio-8080-exec-10] c.h.u.service.UsersServiceImp            : Fetched all users
2025-06-22T09:08:48.453+05:30  INFO 18716 --- [user-microservice] [http-nio-8080-exec-1] c.h.u.service.UsersServiceImp            : Fetch all users
2025-06-22T09:08:48.459+05:30  INFO 18716 --- [user-microservice] [http-nio-8080-exec-1] c.h.u.service.UsersServiceImp            : Fetched all users
2025-06-22T09:26:07.242+05:30  INFO 18716 --- [user-microservice] [http-nio-8080-exec-4] c.h.u.service.UsersServiceImp            : Fetch all users
2025-06-22T09:26:07.248+05:30  INFO 18716 --- [user-microservice] [http-nio-8080-exec-4] c.h.u.service.UsersServiceImp            : Fetched all users
2025-06-22T09:26:13.882+05:30  INFO 18716 --- [user-microservice] [http-nio-8080-exec-5] c.h.u.service.UsersServiceImp            : Fetching users with ID: 253
2025-06-22T09:26:13.886+05:30  INFO 18716 --- [user-microservice] [http-nio-8080-exec-5] c.h.u.service.UsersServiceImp            : Fetched users with ID: 253
2025-06-22T09:26:15.892+05:30  INFO 18716 --- [user-microservice] [http-nio-8080-exec-9] c.h.u.service.UsersServiceImp            : Fetch all users
2025-06-22T09:26:15.898+05:30  INFO 18716 --- [user-microservice] [http-nio-8080-exec-9] c.h.u.service.UsersServiceImp            : Fetched all users
2025-06-22T09:26:22.889+05:30  WARN 18716 --- [user-microservice] [HikariPool-1:housekeeper] com.zaxxer.hikari.pool.HikariPool        : HikariPool-1 - Thread starvation or clock leap detected (housekeeper delta=17m27s224ms354µs400ns).
2025-06-22T09:26:22.954+05:30  INFO 18716 --- [user-microservice] [http-nio-8080-exec-8] c.h.u.service.UsersServiceImp            : Attempting to delete user with ID: 253
2025-06-22T09:26:22.957+05:30  INFO 18716 --- [user-microservice] [http-nio-8080-exec-8] c.h.u.service.UsersServiceImp            : User with ID 253 deleted successfully
2025-06-22T09:26:22.963+05:30  WARN 18716 --- [user-microservice] [http-nio-8080-exec-8] o.h.engine.jdbc.spi.SqlExceptionHelper   : SQL Error: 1451, SQLState: 23000
2025-06-22T09:26:22.963+05:30 ERROR 18716 --- [user-microservice] [http-nio-8080-exec-8] o.h.engine.jdbc.spi.SqlExceptionHelper   : Cannot delete or update a parent row: a foreign key constraint fails (`assetmanagementdb`.`credential`, CONSTRAINT `FK6l6gxmpt23mwdai62rmh28ntv` FOREIGN KEY (`users_id`) REFERENCES `users` (`users_id`))
2025-06-22T09:26:22.982+05:30  INFO 18716 --- [user-microservice] [http-nio-8080-exec-1] c.h.u.service.UsersServiceImp            : Fetch all users
2025-06-22T09:26:22.989+05:30  INFO 18716 --- [user-microservice] [http-nio-8080-exec-1] c.h.u.service.UsersServiceImp            : Fetched all users
2025-06-22T09:26:38.969+05:30  INFO 18716 --- [user-microservice] [http-nio-8080-exec-3] c.h.u.service.UsersServiceImp            : Fetch all users
2025-06-22T09:26:38.975+05:30  INFO 18716 --- [user-microservice] [http-nio-8080-exec-3] c.h.u.service.UsersServiceImp            : Fetched all users
2025-06-22T09:26:47.482+05:30  INFO 18716 --- [user-microservice] [http-nio-8080-exec-6] c.h.u.service.UsersServiceImp            : Attempting to delete user with ID: 252
2025-06-22T09:26:47.577+05:30  INFO 18716 --- [user-microservice] [http-nio-8080-exec-6] c.h.u.service.UsersServiceImp            : User with ID 252 deleted successfully
2025-06-22T09:26:47.682+05:30  INFO 18716 --- [user-microservice] [http-nio-8080-exec-9] c.h.u.service.UsersServiceImp            : Fetch all users
2025-06-22T09:26:47.727+05:30  INFO 18716 --- [user-microservice] [http-nio-8080-exec-9] c.h.u.service.UsersServiceImp            : Fetched all users
2025-06-22T09:26:51.982+05:30  INFO 18716 --- [user-microservice] [http-nio-8080-exec-8] c.h.u.service.UsersServiceImp            : Attempting to delete user with ID: 253
2025-06-22T09:26:51.986+05:30  INFO 18716 --- [user-microservice] [http-nio-8080-exec-8] c.h.u.service.UsersServiceImp            : User with ID 253 deleted successfully
2025-06-22T09:26:51.988+05:30  WARN 18716 --- [user-microservice] [http-nio-8080-exec-8] o.h.engine.jdbc.spi.SqlExceptionHelper   : SQL Error: 1451, SQLState: 23000
2025-06-22T09:26:51.989+05:30 ERROR 18716 --- [user-microservice] [http-nio-8080-exec-8] o.h.engine.jdbc.spi.SqlExceptionHelper   : Cannot delete or update a parent row: a foreign key constraint fails (`assetmanagementdb`.`credential`, CONSTRAINT `FK6l6gxmpt23mwdai62rmh28ntv` FOREIGN KEY (`users_id`) REFERENCES `users` (`users_id`))
2025-06-22T09:26:52.105+05:30  INFO 18716 --- [user-microservice] [http-nio-8080-exec-10] c.h.u.service.UsersServiceImp            : Fetch all users
2025-06-22T09:26:52.112+05:30  INFO 18716 --- [user-microservice] [http-nio-8080-exec-10] c.h.u.service.UsersServiceImp            : Fetched all users
2025-06-22T09:28:14.329+05:30  INFO 18716 --- [user-microservice] [RMI TCP Connection(14)-127.0.0.1] inMXBeanRegistrar$SpringApplicationAdmin : Application shutdown requested.
2025-06-22T09:28:14.331+05:30  INFO 18716 --- [user-microservice] [RMI TCP Connection(14)-127.0.0.1] o.s.b.w.e.tomcat.GracefulShutdown        : Commencing graceful shutdown. Waiting for active requests to complete
2025-06-22T09:28:14.348+05:30  INFO 18716 --- [user-microservice] [tomcat-shutdown] o.s.b.w.e.tomcat.GracefulShutdown        : Graceful shutdown complete
2025-06-22T09:28:14.353+05:30  INFO 18716 --- [user-microservice] [RMI TCP Connection(14)-127.0.0.1] j.LocalContainerEntityManagerFactoryBean : Closing JPA EntityManagerFactory for persistence unit 'default'
2025-06-22T09:28:14.354+05:30  INFO 18716 --- [user-microservice] [RMI TCP Connection(14)-127.0.0.1] com.zaxxer.hikari.HikariDataSource       : HikariPool-1 - Shutdown initiated...
2025-06-22T09:28:14.358+05:30  INFO 18716 --- [user-microservice] [RMI TCP Connection(14)-127.0.0.1] com.zaxxer.hikari.HikariDataSource       : HikariPool-1 - Shutdown completed.
2025-06-22T09:28:16.341+05:30  INFO 16692 --- [user-microservice] [main] c.h.u.UserMicroserviceApplication        : Starting UserMicroserviceApplication using Java 21.0.6 with PID 16692 (C:\Users\Yakesh\Downloads\Spring Training Repo\Spring-Training\user-microservice\target\classes started by Yakesh in C:\Users\Yakesh\Downloads\Spring Training Repo\Spring-Training\user-microservice)
2025-06-22T09:28:16.342+05:30  INFO 16692 --- [user-microservice] [main] c.h.u.UserMicroserviceApplication        : No active profile set, falling back to 1 default profile: "default"
2025-06-22T09:28:16.979+05:30  INFO 16692 --- [user-microservice] [main] .s.d.r.c.RepositoryConfigurationDelegate : Bootstrapping Spring Data JPA repositories in DEFAULT mode.
2025-06-22T09:28:17.025+05:30  INFO 16692 --- [user-microservice] [main] .s.d.r.c.RepositoryConfigurationDelegate : Finished Spring Data repository scanning in 39 ms. Found 2 JPA repository interfaces.
2025-06-22T09:28:17.423+05:30  INFO 16692 --- [user-microservice] [main] o.s.b.w.embedded.tomcat.TomcatWebServer  : Tomcat initialized with port 8080 (http)
2025-06-22T09:28:17.432+05:30  INFO 16692 --- [user-microservice] [main] o.apache.catalina.core.StandardService   : Starting service [Tomcat]
2025-06-22T09:28:17.433+05:30  INFO 16692 --- [user-microservice] [main] o.apache.catalina.core.StandardEngine    : Starting Servlet engine: [Apache Tomcat/10.1.41]
2025-06-22T09:28:17.479+05:30  INFO 16692 --- [user-microservice] [main] o.a.c.c.C.[Tomcat].[localhost].[/]       : Initializing Spring embedded WebApplicationContext
2025-06-22T09:28:17.479+05:30  INFO 16692 --- [user-microservice] [main] w.s.c.ServletWebServerApplicationContext : Root WebApplicationContext: initialization completed in 1101 ms
2025-06-22T09:28:17.582+05:30  INFO 16692 --- [user-microservice] [main] o.hibernate.jpa.internal.util.LogHelper  : HHH000204: Processing PersistenceUnitInfo [name: default]
2025-06-22T09:28:17.628+05:30  INFO 16692 --- [user-microservice] [main] org.hibernate.Version                    : HHH000412: Hibernate ORM core version 6.6.15.Final
2025-06-22T09:28:17.656+05:30  INFO 16692 --- [user-microservice] [main] o.h.c.internal.RegionFactoryInitiator    : HHH000026: Second-level cache disabled
2025-06-22T09:28:17.847+05:30  INFO 16692 --- [user-microservice] [main] o.s.o.j.p.SpringPersistenceUnitInfo      : No LoadTimeWeaver setup: ignoring JPA class transformer
2025-06-22T09:28:17.868+05:30  INFO 16692 --- [user-microservice] [main] com.zaxxer.hikari.HikariDataSource       : HikariPool-1 - Starting...
2025-06-22T09:28:18.117+05:30  INFO 16692 --- [user-microservice] [main] com.zaxxer.hikari.pool.HikariPool        : HikariPool-1 - Added connection com.mysql.cj.jdbc.ConnectionImpl@19739906
2025-06-22T09:28:18.119+05:30  INFO 16692 --- [user-microservice] [main] com.zaxxer.hikari.HikariDataSource       : HikariPool-1 - Start completed.
2025-06-22T09:28:18.202+05:30  WARN 16692 --- [user-microservice] [main] org.hibernate.orm.deprecation            : HHH90000025: MySQLDialect does not need to be specified explicitly using 'hibernate.dialect' (remove the property setting and it will be selected by default)
2025-06-22T09:28:18.214+05:30  INFO 16692 --- [user-microservice] [main] org.hibernate.orm.connections.pooling    : HHH10001005: Database info:
	Database JDBC URL [Connecting through datasource 'HikariDataSource (HikariPool-1)']
	Database driver: undefined/unknown
	Database version: 8.0.41
	Autocommit mode: undefined/unknown
	Isolation level: undefined/unknown
	Minimum pool size: undefined/unknown
	Maximum pool size: undefined/unknown
2025-06-22T09:28:18.915+05:30  INFO 16692 --- [user-microservice] [main] o.h.e.t.j.p.i.JtaPlatformInitiator       : HHH000489: No JTA platform available (set 'hibernate.transaction.jta.platform' to enable JTA platform integration)
2025-06-22T09:28:19.071+05:30  INFO 16692 --- [user-microservice] [main] j.LocalContainerEntityManagerFactoryBean : Initialized JPA EntityManagerFactory for persistence unit 'default'
2025-06-22T09:28:19.382+05:30  INFO 16692 --- [user-microservice] [main] eAuthenticationProviderManagerConfigurer : Global AuthenticationManager configured with AuthenticationProvider bean with name authenticationProvider
2025-06-22T09:28:19.383+05:30  WARN 16692 --- [user-microservice] [main] r$InitializeUserDetailsManagerConfigurer : Global AuthenticationManager configured with an AuthenticationProvider bean. UserDetailsService beans will not be used by Spring Security for automatically configuring username/password login. Consider removing the AuthenticationProvider bean. Alternatively, consider using the UserDetailsService in a manually instantiated DaoAuthenticationProvider. If the current configuration is intentional, to turn off this warning, increase the logging level of 'org.springframework.security.config.annotation.authentication.configuration.InitializeUserDetailsBeanManagerConfigurer' to ERROR
2025-06-22T09:28:19.503+05:30  WARN 16692 --- [user-microservice] [main] JpaBaseConfiguration$JpaWebConfiguration : spring.jpa.open-in-view is enabled by default. Therefore, database queries may be performed during view rendering. Explicitly configure spring.jpa.open-in-view to disable this warning
2025-06-22T09:28:19.755+05:30  WARN 16692 --- [user-microservice] [main] thorizationManagerRequestMatcherRegistry : One of the patterns in [api/users/**, api/users/asset/**, api/users/asset-request/**, api/users/asset-allocation/**, api/users/audit-request/**, api/users/service-request/**, api/credential/**] is missing a leading slash. This is discouraged; please include the leading slash in all your request matcher patterns. In future versions of Spring Security, leaving out the leading slash will result in an exception.
2025-06-22T09:28:20.065+05:30  INFO 16692 --- [user-microservice] [main] o.s.b.w.embedded.tomcat.TomcatWebServer  : Tomcat started on port 8080 (http) with context path '/'
2025-06-22T09:28:20.074+05:30  INFO 16692 --- [user-microservice] [main] c.h.u.UserMicroserviceApplication        : Started UserMicroserviceApplication in 4.096 seconds (process running for 4.677)
2025-06-22T09:28:32.265+05:30  INFO 16692 --- [user-microservice] [http-nio-8080-exec-1] o.a.c.c.C.[Tomcat].[localhost].[/]       : Initializing Spring DispatcherServlet 'dispatcherServlet'
2025-06-22T09:28:32.266+05:30  INFO 16692 --- [user-microservice] [http-nio-8080-exec-1] o.s.web.servlet.DispatcherServlet        : Initializing Servlet 'dispatcherServlet'
2025-06-22T09:28:32.267+05:30  INFO 16692 --- [user-microservice] [http-nio-8080-exec-1] o.s.web.servlet.DispatcherServlet        : Completed initialization in 1 ms
2025-06-22T09:28:32.595+05:30  INFO 16692 --- [user-microservice] [http-nio-8080-exec-3] c.h.u.service.UsersServiceImp            : Fetch all users
2025-06-22T09:28:32.613+05:30  INFO 16692 --- [user-microservice] [http-nio-8080-exec-3] c.h.u.service.UsersServiceImp            : Fetched all users
2025-06-22T09:28:34.896+05:30  INFO 16692 --- [user-microservice] [http-nio-8080-exec-2] c.h.u.service.UsersServiceImp            : Attempting to delete user with ID: 253
2025-06-22T09:28:34.908+05:30  INFO 16692 --- [user-microservice] [http-nio-8080-exec-2] c.h.u.service.UsersServiceImp            : User with ID 253 deleted successfully
2025-06-22T09:28:35.289+05:30  WARN 16692 --- [user-microservice] [http-nio-8080-exec-2] o.h.engine.jdbc.spi.SqlExceptionHelper   : SQL Error: 1451, SQLState: 23000
2025-06-22T09:28:35.290+05:30 ERROR 16692 --- [user-microservice] [http-nio-8080-exec-2] o.h.engine.jdbc.spi.SqlExceptionHelper   : Cannot delete or update a parent row: a foreign key constraint fails (`assetmanagementdb`.`credential`, CONSTRAINT `FK6l6gxmpt23mwdai62rmh28ntv` FOREIGN KEY (`users_id`) REFERENCES `users` (`users_id`))
2025-06-22T09:28:35.417+05:30  INFO 16692 --- [user-microservice] [http-nio-8080-exec-5] c.h.u.service.UsersServiceImp            : Fetch all users
2025-06-22T09:28:35.425+05:30  INFO 16692 --- [user-microservice] [http-nio-8080-exec-5] c.h.u.service.UsersServiceImp            : Fetched all users
2025-06-22T09:30:23.422+05:30  INFO 16692 --- [user-microservice] [RMI TCP Connection(4)-127.0.0.1] inMXBeanRegistrar$SpringApplicationAdmin : Application shutdown requested.
2025-06-22T09:30:23.424+05:30  INFO 16692 --- [user-microservice] [RMI TCP Connection(4)-127.0.0.1] o.s.b.w.e.tomcat.GracefulShutdown        : Commencing graceful shutdown. Waiting for active requests to complete
2025-06-22T09:30:23.439+05:30  INFO 16692 --- [user-microservice] [tomcat-shutdown] o.s.b.w.e.tomcat.GracefulShutdown        : Graceful shutdown complete
2025-06-22T09:30:23.442+05:30  INFO 16692 --- [user-microservice] [RMI TCP Connection(4)-127.0.0.1] j.LocalContainerEntityManagerFactoryBean : Closing JPA EntityManagerFactory for persistence unit 'default'
2025-06-22T09:30:23.444+05:30  INFO 16692 --- [user-microservice] [RMI TCP Connection(4)-127.0.0.1] com.zaxxer.hikari.HikariDataSource       : HikariPool-1 - Shutdown initiated...
2025-06-22T09:30:23.448+05:30  INFO 16692 --- [user-microservice] [RMI TCP Connection(4)-127.0.0.1] com.zaxxer.hikari.HikariDataSource       : HikariPool-1 - Shutdown completed.
2025-06-22T09:30:25.286+05:30  INFO 21284 --- [user-microservice] [main] c.h.u.UserMicroserviceApplication        : Starting UserMicroserviceApplication using Java 21.0.6 with PID 21284 (C:\Users\Yakesh\Downloads\Spring Training Repo\Spring-Training\user-microservice\target\classes started by Yakesh in C:\Users\Yakesh\Downloads\Spring Training Repo\Spring-Training\user-microservice)
2025-06-22T09:30:25.288+05:30  INFO 21284 --- [user-microservice] [main] c.h.u.UserMicroserviceApplication        : No active profile set, falling back to 1 default profile: "default"
2025-06-22T09:30:25.888+05:30  INFO 21284 --- [user-microservice] [main] .s.d.r.c.RepositoryConfigurationDelegate : Bootstrapping Spring Data JPA repositories in DEFAULT mode.
2025-06-22T09:30:25.930+05:30  INFO 21284 --- [user-microservice] [main] .s.d.r.c.RepositoryConfigurationDelegate : Finished Spring Data repository scanning in 35 ms. Found 2 JPA repository interfaces.
2025-06-22T09:30:26.314+05:30  INFO 21284 --- [user-microservice] [main] o.s.b.w.embedded.tomcat.TomcatWebServer  : Tomcat initialized with port 8080 (http)
2025-06-22T09:30:26.324+05:30  INFO 21284 --- [user-microservice] [main] o.apache.catalina.core.StandardService   : Starting service [Tomcat]
2025-06-22T09:30:26.324+05:30  INFO 21284 --- [user-microservice] [main] o.apache.catalina.core.StandardEngine    : Starting Servlet engine: [Apache Tomcat/10.1.41]
2025-06-22T09:30:26.374+05:30  INFO 21284 --- [user-microservice] [main] o.a.c.c.C.[Tomcat].[localhost].[/]       : Initializing Spring embedded WebApplicationContext
2025-06-22T09:30:26.374+05:30  INFO 21284 --- [user-microservice] [main] w.s.c.ServletWebServerApplicationContext : Root WebApplicationContext: initialization completed in 1045 ms
2025-06-22T09:30:26.467+05:30  INFO 21284 --- [user-microservice] [main] o.hibernate.jpa.internal.util.LogHelper  : HHH000204: Processing PersistenceUnitInfo [name: default]
2025-06-22T09:30:26.526+05:30  INFO 21284 --- [user-microservice] [main] org.hibernate.Version                    : HHH000412: Hibernate ORM core version 6.6.15.Final
2025-06-22T09:30:26.559+05:30  INFO 21284 --- [user-microservice] [main] o.h.c.internal.RegionFactoryInitiator    : HHH000026: Second-level cache disabled
2025-06-22T09:30:26.757+05:30  INFO 21284 --- [user-microservice] [main] o.s.o.j.p.SpringPersistenceUnitInfo      : No LoadTimeWeaver setup: ignoring JPA class transformer
2025-06-22T09:30:26.778+05:30  INFO 21284 --- [user-microservice] [main] com.zaxxer.hikari.HikariDataSource       : HikariPool-1 - Starting...
2025-06-22T09:30:27.022+05:30  INFO 21284 --- [user-microservice] [main] com.zaxxer.hikari.pool.HikariPool        : HikariPool-1 - Added connection com.mysql.cj.jdbc.ConnectionImpl@1e57b783
2025-06-22T09:30:27.024+05:30  INFO 21284 --- [user-microservice] [main] com.zaxxer.hikari.HikariDataSource       : HikariPool-1 - Start completed.
2025-06-22T09:30:27.064+05:30  WARN 21284 --- [user-microservice] [main] org.hibernate.orm.deprecation            : HHH90000025: MySQLDialect does not need to be specified explicitly using 'hibernate.dialect' (remove the property setting and it will be selected by default)
2025-06-22T09:30:27.076+05:30  INFO 21284 --- [user-microservice] [main] org.hibernate.orm.connections.pooling    : HHH10001005: Database info:
	Database JDBC URL [Connecting through datasource 'HikariDataSource (HikariPool-1)']
	Database driver: undefined/unknown
	Database version: 8.0.41
	Autocommit mode: undefined/unknown
	Isolation level: undefined/unknown
	Minimum pool size: undefined/unknown
	Maximum pool size: undefined/unknown
2025-06-22T09:30:27.743+05:30  INFO 21284 --- [user-microservice] [main] o.h.e.t.j.p.i.JtaPlatformInitiator       : HHH000489: No JTA platform available (set 'hibernate.transaction.jta.platform' to enable JTA platform integration)
2025-06-22T09:30:27.790+05:30  INFO 21284 --- [user-microservice] [main] j.LocalContainerEntityManagerFactoryBean : Initialized JPA EntityManagerFactory for persistence unit 'default'
2025-06-22T09:30:28.084+05:30  INFO 21284 --- [user-microservice] [main] eAuthenticationProviderManagerConfigurer : Global AuthenticationManager configured with AuthenticationProvider bean with name authenticationProvider
2025-06-22T09:30:28.085+05:30  WARN 21284 --- [user-microservice] [main] r$InitializeUserDetailsManagerConfigurer : Global AuthenticationManager configured with an AuthenticationProvider bean. UserDetailsService beans will not be used by Spring Security for automatically configuring username/password login. Consider removing the AuthenticationProvider bean. Alternatively, consider using the UserDetailsService in a manually instantiated DaoAuthenticationProvider. If the current configuration is intentional, to turn off this warning, increase the logging level of 'org.springframework.security.config.annotation.authentication.configuration.InitializeUserDetailsBeanManagerConfigurer' to ERROR
2025-06-22T09:30:28.209+05:30  WARN 21284 --- [user-microservice] [main] JpaBaseConfiguration$JpaWebConfiguration : spring.jpa.open-in-view is enabled by default. Therefore, database queries may be performed during view rendering. Explicitly configure spring.jpa.open-in-view to disable this warning
2025-06-22T09:30:28.439+05:30  WARN 21284 --- [user-microservice] [main] thorizationManagerRequestMatcherRegistry : One of the patterns in [api/users/**, api/users/asset/**, api/users/asset-request/**, api/users/asset-allocation/**, api/users/audit-request/**, api/users/service-request/**, api/credential/**] is missing a leading slash. This is discouraged; please include the leading slash in all your request matcher patterns. In future versions of Spring Security, leaving out the leading slash will result in an exception.
2025-06-22T09:30:28.737+05:30  INFO 21284 --- [user-microservice] [main] o.s.b.w.embedded.tomcat.TomcatWebServer  : Tomcat started on port 8080 (http) with context path '/'
2025-06-22T09:30:28.747+05:30  INFO 21284 --- [user-microservice] [main] c.h.u.UserMicroserviceApplication        : Started UserMicroserviceApplication in 3.807 seconds (process running for 4.264)
2025-06-22T09:30:34.984+05:30  INFO 21284 --- [user-microservice] [http-nio-8080-exec-1] o.a.c.c.C.[Tomcat].[localhost].[/]       : Initializing Spring DispatcherServlet 'dispatcherServlet'
2025-06-22T09:30:34.984+05:30  INFO 21284 --- [user-microservice] [http-nio-8080-exec-1] o.s.web.servlet.DispatcherServlet        : Initializing Servlet 'dispatcherServlet'
2025-06-22T09:30:34.985+05:30  INFO 21284 --- [user-microservice] [http-nio-8080-exec-1] o.s.web.servlet.DispatcherServlet        : Completed initialization in 1 ms
2025-06-22T09:30:35.294+05:30  INFO 21284 --- [user-microservice] [http-nio-8080-exec-2] c.h.u.service.UsersServiceImp            : Fetch all users
2025-06-22T09:30:35.312+05:30  INFO 21284 --- [user-microservice] [http-nio-8080-exec-2] c.h.u.service.UsersServiceImp            : Fetched all users
2025-06-22T09:30:38.492+05:30  INFO 21284 --- [user-microservice] [http-nio-8080-exec-5] c.h.u.service.UsersServiceImp            : Fetch all users
2025-06-22T09:30:38.602+05:30  INFO 21284 --- [user-microservice] [http-nio-8080-exec-5] c.h.u.service.UsersServiceImp            : Fetched all users
2025-06-22T09:30:49.608+05:30  INFO 21284 --- [user-microservice] [http-nio-8080-exec-7] c.h.u.service.UsersServiceImp            : Fetch all users
2025-06-22T09:30:49.616+05:30  INFO 21284 --- [user-microservice] [http-nio-8080-exec-7] c.h.u.service.UsersServiceImp            : Fetched all users
2025-06-22T09:30:51.214+05:30  INFO 21284 --- [user-microservice] [http-nio-8080-exec-9] c.h.u.service.UsersServiceImp            : Fetch all users
2025-06-22T09:30:51.221+05:30  INFO 21284 --- [user-microservice] [http-nio-8080-exec-9] c.h.u.service.UsersServiceImp            : Fetched all users
2025-06-22T09:31:21.648+05:30  INFO 21284 --- [user-microservice] [RMI TCP Connection(4)-127.0.0.1] inMXBeanRegistrar$SpringApplicationAdmin : Application shutdown requested.
2025-06-22T09:31:21.651+05:30  INFO 21284 --- [user-microservice] [RMI TCP Connection(4)-127.0.0.1] o.s.b.w.e.tomcat.GracefulShutdown        : Commencing graceful shutdown. Waiting for active requests to complete
2025-06-22T09:31:21.659+05:30  INFO 21284 --- [user-microservice] [tomcat-shutdown] o.s.b.w.e.tomcat.GracefulShutdown        : Graceful shutdown complete
2025-06-22T09:31:21.664+05:30  INFO 21284 --- [user-microservice] [RMI TCP Connection(4)-127.0.0.1] j.LocalContainerEntityManagerFactoryBean : Closing JPA EntityManagerFactory for persistence unit 'default'
2025-06-22T09:31:21.665+05:30  INFO 21284 --- [user-microservice] [RMI TCP Connection(4)-127.0.0.1] com.zaxxer.hikari.HikariDataSource       : HikariPool-1 - Shutdown initiated...
2025-06-22T09:31:21.673+05:30  INFO 21284 --- [user-microservice] [RMI TCP Connection(4)-127.0.0.1] com.zaxxer.hikari.HikariDataSource       : HikariPool-1 - Shutdown completed.
2025-06-22T09:31:35.956+05:30  INFO 15280 --- [user-microservice] [main] c.h.u.UserMicroserviceApplication        : Starting UserMicroserviceApplication using Java 21.0.6 with PID 15280 (C:\Users\Yakesh\Downloads\Spring Training Repo\Spring-Training\user-microservice\target\classes started by Yakesh in C:\Users\Yakesh\Downloads\Spring Training Repo\Spring-Training\user-microservice)
2025-06-22T09:31:35.958+05:30  INFO 15280 --- [user-microservice] [main] c.h.u.UserMicroserviceApplication        : No active profile set, falling back to 1 default profile: "default"
2025-06-22T09:31:36.554+05:30  INFO 15280 --- [user-microservice] [main] .s.d.r.c.RepositoryConfigurationDelegate : Bootstrapping Spring Data JPA repositories in DEFAULT mode.
2025-06-22T09:31:36.599+05:30  INFO 15280 --- [user-microservice] [main] .s.d.r.c.RepositoryConfigurationDelegate : Finished Spring Data repository scanning in 37 ms. Found 2 JPA repository interfaces.
2025-06-22T09:31:36.992+05:30  INFO 15280 --- [user-microservice] [main] o.s.b.w.embedded.tomcat.TomcatWebServer  : Tomcat initialized with port 8080 (http)
2025-06-22T09:31:37.003+05:30  INFO 15280 --- [user-microservice] [main] o.apache.catalina.core.StandardService   : Starting service [Tomcat]
2025-06-22T09:31:37.003+05:30  INFO 15280 --- [user-microservice] [main] o.apache.catalina.core.StandardEngine    : Starting Servlet engine: [Apache Tomcat/10.1.41]
2025-06-22T09:31:37.056+05:30  INFO 15280 --- [user-microservice] [main] o.a.c.c.C.[Tomcat].[localhost].[/]       : Initializing Spring embedded WebApplicationContext
2025-06-22T09:31:37.056+05:30  INFO 15280 --- [user-microservice] [main] w.s.c.ServletWebServerApplicationContext : Root WebApplicationContext: initialization completed in 1054 ms
2025-06-22T09:31:37.169+05:30  INFO 15280 --- [user-microservice] [main] o.hibernate.jpa.internal.util.LogHelper  : HHH000204: Processing PersistenceUnitInfo [name: default]
2025-06-22T09:31:37.203+05:30  INFO 15280 --- [user-microservice] [main] org.hibernate.Version                    : HHH000412: Hibernate ORM core version 6.6.15.Final
2025-06-22T09:31:37.224+05:30  INFO 15280 --- [user-microservice] [main] o.h.c.internal.RegionFactoryInitiator    : HHH000026: Second-level cache disabled
2025-06-22T09:31:37.415+05:30  INFO 15280 --- [user-microservice] [main] o.s.o.j.p.SpringPersistenceUnitInfo      : No LoadTimeWeaver setup: ignoring JPA class transformer
2025-06-22T09:31:37.453+05:30  INFO 15280 --- [user-microservice] [main] com.zaxxer.hikari.HikariDataSource       : HikariPool-1 - Starting...
2025-06-22T09:31:37.768+05:30  INFO 15280 --- [user-microservice] [main] com.zaxxer.hikari.pool.HikariPool        : HikariPool-1 - Added connection com.mysql.cj.jdbc.ConnectionImpl@16944b58
2025-06-22T09:31:37.769+05:30  INFO 15280 --- [user-microservice] [main] com.zaxxer.hikari.HikariDataSource       : HikariPool-1 - Start completed.
2025-06-22T09:31:37.814+05:30  WARN 15280 --- [user-microservice] [main] org.hibernate.orm.deprecation            : HHH90000025: MySQLDialect does not need to be specified explicitly using 'hibernate.dialect' (remove the property setting and it will be selected by default)
2025-06-22T09:31:37.828+05:30  INFO 15280 --- [user-microservice] [main] org.hibernate.orm.connections.pooling    : HHH10001005: Database info:
	Database JDBC URL [Connecting through datasource 'HikariDataSource (HikariPool-1)']
	Database driver: undefined/unknown
	Database version: 8.0.41
	Autocommit mode: undefined/unknown
	Isolation level: undefined/unknown
	Minimum pool size: undefined/unknown
	Maximum pool size: undefined/unknown
2025-06-22T09:31:38.514+05:30  INFO 15280 --- [user-microservice] [main] o.h.e.t.j.p.i.JtaPlatformInitiator       : HHH000489: No JTA platform available (set 'hibernate.transaction.jta.platform' to enable JTA platform integration)
2025-06-22T09:31:38.662+05:30  INFO 15280 --- [user-microservice] [main] j.LocalContainerEntityManagerFactoryBean : Initialized JPA EntityManagerFactory for persistence unit 'default'
2025-06-22T09:31:38.954+05:30  INFO 15280 --- [user-microservice] [main] eAuthenticationProviderManagerConfigurer : Global AuthenticationManager configured with AuthenticationProvider bean with name authenticationProvider
2025-06-22T09:31:38.954+05:30  WARN 15280 --- [user-microservice] [main] r$InitializeUserDetailsManagerConfigurer : Global AuthenticationManager configured with an AuthenticationProvider bean. UserDetailsService beans will not be used by Spring Security for automatically configuring username/password login. Consider removing the AuthenticationProvider bean. Alternatively, consider using the UserDetailsService in a manually instantiated DaoAuthenticationProvider. If the current configuration is intentional, to turn off this warning, increase the logging level of 'org.springframework.security.config.annotation.authentication.configuration.InitializeUserDetailsBeanManagerConfigurer' to ERROR
2025-06-22T09:31:39.075+05:30  WARN 15280 --- [user-microservice] [main] JpaBaseConfiguration$JpaWebConfiguration : spring.jpa.open-in-view is enabled by default. Therefore, database queries may be performed during view rendering. Explicitly configure spring.jpa.open-in-view to disable this warning
2025-06-22T09:31:39.301+05:30  WARN 15280 --- [user-microservice] [main] thorizationManagerRequestMatcherRegistry : One of the patterns in [api/users/**, api/users/asset/**, api/users/asset-request/**, api/users/asset-allocation/**, api/users/audit-request/**, api/users/service-request/**, api/credential/**] is missing a leading slash. This is discouraged; please include the leading slash in all your request matcher patterns. In future versions of Spring Security, leaving out the leading slash will result in an exception.
2025-06-22T09:31:39.593+05:30  INFO 15280 --- [user-microservice] [main] o.s.b.w.embedded.tomcat.TomcatWebServer  : Tomcat started on port 8080 (http) with context path '/'
2025-06-22T09:31:39.602+05:30  INFO 15280 --- [user-microservice] [main] c.h.u.UserMicroserviceApplication        : Started UserMicroserviceApplication in 4.026 seconds (process running for 4.546)
2025-06-22T09:31:51.120+05:30  INFO 15280 --- [user-microservice] [http-nio-8080-exec-1] o.a.c.c.C.[Tomcat].[localhost].[/]       : Initializing Spring DispatcherServlet 'dispatcherServlet'
2025-06-22T09:31:51.122+05:30  INFO 15280 --- [user-microservice] [http-nio-8080-exec-1] o.s.web.servlet.DispatcherServlet        : Initializing Servlet 'dispatcherServlet'
2025-06-22T09:31:51.125+05:30  INFO 15280 --- [user-microservice] [http-nio-8080-exec-1] o.s.web.servlet.DispatcherServlet        : Completed initialization in 3 ms
2025-06-22T09:31:52.168+05:30  INFO 15280 --- [user-microservice] [http-nio-8080-exec-2] c.h.u.service.UsersServiceImp            : Fetching credentials with username: batman
2025-06-22T09:31:52.176+05:30  INFO 15280 --- [user-microservice] [http-nio-8080-exec-2] c.h.u.service.UsersServiceImp            : Fetched credentials with username: batman
2025-06-22T09:31:56.269+05:30  INFO 15280 --- [user-microservice] [http-nio-8080-exec-4] c.h.u.service.UsersServiceImp            : Fetch all users
2025-06-22T09:31:56.304+05:30  INFO 15280 --- [user-microservice] [http-nio-8080-exec-4] c.h.u.service.UsersServiceImp            : Fetched all users
2025-06-22T09:31:59.207+05:30  INFO 15280 --- [user-microservice] [http-nio-8080-exec-7] c.h.u.service.UsersServiceImp            : Fetch all users
2025-06-22T09:31:59.220+05:30  INFO 15280 --- [user-microservice] [http-nio-8080-exec-7] c.h.u.service.UsersServiceImp            : Fetched all users
2025-06-22T09:32:03.439+05:30  INFO 15280 --- [user-microservice] [http-nio-8080-exec-9] c.h.u.service.UsersServiceImp            : Attempting to delete credential with ID: 202
2025-06-22T09:32:03.472+05:30  INFO 15280 --- [user-microservice] [http-nio-8080-exec-9] c.h.u.service.UsersServiceImp            : Credential with ID 202 deleted successfully
2025-06-22T09:32:03.472+05:30  INFO 15280 --- [user-microservice] [http-nio-8080-exec-9] c.h.u.service.UsersServiceImp            : Attempting to delete user with ID: 202
2025-06-22T09:32:03.472+05:30  WARN 15280 --- [user-microservice] [http-nio-8080-exec-9] c.h.u.service.UsersServiceImp            : User with ID 202 does not exists
2025-06-22T09:32:03.541+05:30  INFO 15280 --- [user-microservice] [http-nio-8080-exec-1] c.h.u.service.UsersServiceImp            : Fetch all users
2025-06-22T09:32:03.550+05:30  INFO 15280 --- [user-microservice] [http-nio-8080-exec-1] c.h.u.service.UsersServiceImp            : Fetched all users
2025-06-22T09:32:11.410+05:30  INFO 15280 --- [user-microservice] [http-nio-8080-exec-4] c.h.u.service.UsersServiceImp            : Fetch all users
2025-06-22T09:32:11.419+05:30  INFO 15280 --- [user-microservice] [http-nio-8080-exec-4] c.h.u.service.UsersServiceImp            : Fetched all users
2025-06-22T09:32:13.515+05:30  INFO 15280 --- [user-microservice] [http-nio-8080-exec-6] c.h.u.service.UsersServiceImp            : Fetch all users
2025-06-22T09:32:13.528+05:30  INFO 15280 --- [user-microservice] [http-nio-8080-exec-6] c.h.u.service.UsersServiceImp            : Fetched all users
2025-06-22T09:32:15.676+05:30  INFO 15280 --- [user-microservice] [http-nio-8080-exec-7] c.h.u.service.UsersServiceImp            : Fetch all users
2025-06-22T09:32:15.688+05:30  INFO 15280 --- [user-microservice] [http-nio-8080-exec-7] c.h.u.service.UsersServiceImp            : Fetched all users
2025-06-22T09:33:44.015+05:30  INFO 15280 --- [user-microservice] [http-nio-8080-exec-1] c.h.u.service.UsersServiceImp            : Fetch all users
2025-06-22T09:33:44.022+05:30  INFO 15280 --- [user-microservice] [http-nio-8080-exec-1] c.h.u.service.UsersServiceImp            : Fetched all users
2025-06-22T09:33:47.334+05:30  INFO 15280 --- [user-microservice] [http-nio-8080-exec-4] c.h.u.service.UsersServiceImp            : Fetch all users
2025-06-22T09:33:47.345+05:30  INFO 15280 --- [user-microservice] [http-nio-8080-exec-4] c.h.u.service.UsersServiceImp            : Fetched all users
2025-06-22T09:33:59.423+05:30  INFO 15280 --- [user-microservice] [http-nio-8080-exec-2] o.springdoc.api.AbstractOpenApiResource  : Init duration for springdoc-openapi is: 876 ms
2025-06-22T09:43:19.509+05:30  INFO 15280 --- [user-microservice] [http-nio-8080-exec-10] c.h.u.service.UsersServiceImp            : Fetching credentials with username: batman
2025-06-22T09:43:19.525+05:30  INFO 15280 --- [user-microservice] [http-nio-8080-exec-10] c.h.u.service.UsersServiceImp            : Fetched credentials with username: batman
2025-06-22T09:43:23.093+05:30  INFO 15280 --- [user-microservice] [http-nio-8080-exec-8] c.h.u.service.UsersServiceImp            : Fetch all users
2025-06-22T09:43:23.100+05:30  INFO 15280 --- [user-microservice] [http-nio-8080-exec-8] c.h.u.service.UsersServiceImp            : Fetched all users
2025-06-22T09:43:26.050+05:30  INFO 15280 --- [user-microservice] [http-nio-8080-exec-2] c.h.u.service.UsersServiceImp            : Fetch all users
2025-06-22T09:43:26.064+05:30  INFO 15280 --- [user-microservice] [http-nio-8080-exec-2] c.h.u.service.UsersServiceImp            : Fetched all users
2025-06-22T09:48:32.140+05:30  INFO 15280 --- [user-microservice] [http-nio-8080-exec-10] c.h.u.service.UsersServiceImp            : Fetching credentials with username: yakesh
2025-06-22T09:48:32.185+05:30  INFO 15280 --- [user-microservice] [http-nio-8080-exec-10] c.h.u.service.UsersServiceImp            : Fetched credentials with username: yakesh
2025-06-22T09:48:33.963+05:30  INFO 15280 --- [user-microservice] [http-nio-8080-exec-8] c.h.u.service.UsersServiceImp            : Fetch all users
2025-06-22T09:48:33.970+05:30  INFO 15280 --- [user-microservice] [http-nio-8080-exec-8] c.h.u.service.UsersServiceImp            : Fetched all users
2025-06-22T09:49:37.997+05:30  INFO 15280 --- [user-microservice] [http-nio-8080-exec-2] c.h.u.service.UsersServiceImp            : Attempting to delete credential with ID: 253
2025-06-22T09:49:38.013+05:30  INFO 15280 --- [user-microservice] [http-nio-8080-exec-2] c.h.u.service.UsersServiceImp            : Credential with ID 253 deleted successfully
2025-06-22T09:49:38.013+05:30  INFO 15280 --- [user-microservice] [http-nio-8080-exec-2] c.h.u.service.UsersServiceImp            : Attempting to delete user with ID: 253
2025-06-22T09:49:38.013+05:30  WARN 15280 --- [user-microservice] [http-nio-8080-exec-2] c.h.u.service.UsersServiceImp            : User with ID 253 does not exists
2025-06-22T09:49:38.111+05:30  INFO 15280 --- [user-microservice] [http-nio-8080-exec-4] c.h.u.service.UsersServiceImp            : Fetch all users
2025-06-22T09:49:38.119+05:30  INFO 15280 --- [user-microservice] [http-nio-8080-exec-4] c.h.u.service.UsersServiceImp            : Fetched all users
2025-06-22T09:49:42.824+05:30  INFO 15280 --- [user-microservice] [http-nio-8080-exec-3] c.h.u.service.UsersServiceImp            : Attempting to delete credential with ID: 1
2025-06-22T09:49:42.824+05:30  INFO 15280 --- [user-microservice] [http-nio-8080-exec-3] c.h.u.service.UsersServiceImp            : Credential with ID 1 deleted successfully
2025-06-22T09:49:42.824+05:30  INFO 15280 --- [user-microservice] [http-nio-8080-exec-3] c.h.u.service.UsersServiceImp            : Attempting to delete user with ID: 1
2025-06-22T09:49:42.824+05:30  WARN 15280 --- [user-microservice] [http-nio-8080-exec-3] c.h.u.service.UsersServiceImp            : User with ID 1 does not exists
2025-06-22T09:49:42.877+05:30 ERROR 15280 --- [user-microservice] [http-nio-8080-exec-6] o.a.c.c.C.[.[.[/].[dispatcherServlet]    : Servlet.service() for servlet [dispatcherServlet] in context with path [] threw exception

org.springframework.security.core.userdetails.UsernameNotFoundException: user not found yakesh
	at com.hexaware.usermicroservice.configuration.CustomUserDetailsService.lambda$0(CustomUserDetailsService.java:21) ~[classes/:na]
	at java.base/java.util.Optional.orElseThrow(Optional.java:403) ~[na:na]
	at com.hexaware.usermicroservice.configuration.CustomUserDetailsService.loadUserByUsername(CustomUserDetailsService.java:21) ~[classes/:na]
	at com.hexaware.usermicroservice.filter.JwtAuthFilter.doFilterInternal(JwtAuthFilter.java:43) ~[classes/:na]
	at org.springframework.web.filter.OncePerRequestFilter.doFilter(OncePerRequestFilter.java:116) ~[spring-web-6.2.7.jar:6.2.7]
	at org.springframework.security.web.FilterChainProxy$VirtualFilterChain.doFilter(FilterChainProxy.java:374) ~[spring-security-web-6.5.0.jar:6.5.0]
	at org.springframework.security.web.authentication.logout.LogoutFilter.doFilter(LogoutFilter.java:107) ~[spring-security-web-6.5.0.jar:6.5.0]
	at org.springframework.security.web.authentication.logout.LogoutFilter.doFilter(LogoutFilter.java:93) ~[spring-security-web-6.5.0.jar:6.5.0]
	at org.springframework.security.web.FilterChainProxy$VirtualFilterChain.doFilter(FilterChainProxy.java:374) ~[spring-security-web-6.5.0.jar:6.5.0]
	at org.springframework.web.filter.CorsFilter.doFilterInternal(CorsFilter.java:91) ~[spring-web-6.2.7.jar:6.2.7]
	at org.springframework.web.filter.OncePerRequestFilter.doFilter(OncePerRequestFilter.java:116) ~[spring-web-6.2.7.jar:6.2.7]
	at org.springframework.security.web.FilterChainProxy$VirtualFilterChain.doFilter(FilterChainProxy.java:374) ~[spring-security-web-6.5.0.jar:6.5.0]
	at org.springframework.security.web.header.HeaderWriterFilter.doHeadersAfter(HeaderWriterFilter.java:90) ~[spring-security-web-6.5.0.jar:6.5.0]
	at org.springframework.security.web.header.HeaderWriterFilter.doFilterInternal(HeaderWriterFilter.java:75) ~[spring-security-web-6.5.0.jar:6.5.0]
	at org.springframework.web.filter.OncePerRequestFilter.doFilter(OncePerRequestFilter.java:116) ~[spring-web-6.2.7.jar:6.2.7]
	at org.springframework.security.web.FilterChainProxy$VirtualFilterChain.doFilter(FilterChainProxy.java:374) ~[spring-security-web-6.5.0.jar:6.5.0]
	at org.springframework.security.web.context.SecurityContextHolderFilter.doFilter(SecurityContextHolderFilter.java:82) ~[spring-security-web-6.5.0.jar:6.5.0]
	at org.springframework.security.web.context.SecurityContextHolderFilter.doFilter(SecurityContextHolderFilter.java:69) ~[spring-security-web-6.5.0.jar:6.5.0]
	at org.springframework.security.web.FilterChainProxy$VirtualFilterChain.doFilter(FilterChainProxy.java:374) ~[spring-security-web-6.5.0.jar:6.5.0]
	at org.springframework.security.web.context.request.async.WebAsyncManagerIntegrationFilter.doFilterInternal(WebAsyncManagerIntegrationFilter.java:62) ~[spring-security-web-6.5.0.jar:6.5.0]
	at org.springframework.web.filter.OncePerRequestFilter.doFilter(OncePerRequestFilter.java:116) ~[spring-web-6.2.7.jar:6.2.7]
	at org.springframework.security.web.FilterChainProxy$VirtualFilterChain.doFilter(FilterChainProxy.java:374) ~[spring-security-web-6.5.0.jar:6.5.0]
	at org.springframework.security.web.session.DisableEncodeUrlFilter.doFilterInternal(DisableEncodeUrlFilter.java:42) ~[spring-security-web-6.5.0.jar:6.5.0]
	at org.springframework.web.filter.OncePerRequestFilter.doFilter(OncePerRequestFilter.java:116) ~[spring-web-6.2.7.jar:6.2.7]
	at org.springframework.security.web.FilterChainProxy$VirtualFilterChain.doFilter(FilterChainProxy.java:374) ~[spring-security-web-6.5.0.jar:6.5.0]
	at org.springframework.security.web.FilterChainProxy.doFilterInternal(FilterChainProxy.java:233) ~[spring-security-web-6.5.0.jar:6.5.0]
	at org.springframework.security.web.FilterChainProxy.doFilter(FilterChainProxy.java:191) ~[spring-security-web-6.5.0.jar:6.5.0]
	at org.springframework.web.filter.CompositeFilter$VirtualFilterChain.doFilter(CompositeFilter.java:113) ~[spring-web-6.2.7.jar:6.2.7]
	at org.springframework.web.filter.ServletRequestPathFilter.doFilter(ServletRequestPathFilter.java:52) ~[spring-web-6.2.7.jar:6.2.7]
	at org.springframework.web.filter.CompositeFilter$VirtualFilterChain.doFilter(CompositeFilter.java:113) ~[spring-web-6.2.7.jar:6.2.7]
	at org.springframework.web.filter.CompositeFilter.doFilter(CompositeFilter.java:74) ~[spring-web-6.2.7.jar:6.2.7]
	at org.springframework.security.config.annotation.web.configuration.WebSecurityConfiguration$CompositeFilterChainProxy.doFilter(WebSecurityConfiguration.java:319) ~[spring-security-config-6.5.0.jar:6.5.0]
	at org.springframework.web.filter.CompositeFilter$VirtualFilterChain.doFilter(CompositeFilter.java:113) ~[spring-web-6.2.7.jar:6.2.7]
	at org.springframework.web.servlet.handler.HandlerMappingIntrospector.lambda$createCacheFilter$3(HandlerMappingIntrospector.java:243) ~[spring-webmvc-6.2.7.jar:6.2.7]
	at org.springframework.web.filter.CompositeFilter$VirtualFilterChain.doFilter(CompositeFilter.java:113) ~[spring-web-6.2.7.jar:6.2.7]
	at org.springframework.web.filter.CompositeFilter.doFilter(CompositeFilter.java:74) ~[spring-web-6.2.7.jar:6.2.7]
	at org.springframework.security.config.annotation.web.configuration.WebMvcSecurityConfiguration$CompositeFilterChainProxy.doFilter(WebMvcSecurityConfiguration.java:240) ~[spring-security-config-6.5.0.jar:6.5.0]
	at org.springframework.web.filter.DelegatingFilterProxy.invokeDelegate(DelegatingFilterProxy.java:362) ~[spring-web-6.2.7.jar:6.2.7]
	at org.springframework.web.filter.DelegatingFilterProxy.doFilter(DelegatingFilterProxy.java:278) ~[spring-web-6.2.7.jar:6.2.7]
	at org.apache.catalina.core.ApplicationFilterChain.internalDoFilter(ApplicationFilterChain.java:164) ~[tomcat-embed-core-10.1.41.jar:10.1.41]
	at org.apache.catalina.core.ApplicationFilterChain.doFilter(ApplicationFilterChain.java:140) ~[tomcat-embed-core-10.1.41.jar:10.1.41]
	at org.springframework.web.filter.RequestContextFilter.doFilterInternal(RequestContextFilter.java:100) ~[spring-web-6.2.7.jar:6.2.7]
	at org.springframework.web.filter.OncePerRequestFilter.doFilter(OncePerRequestFilter.java:116) ~[spring-web-6.2.7.jar:6.2.7]
	at org.apache.catalina.core.ApplicationFilterChain.internalDoFilter(ApplicationFilterChain.java:164) ~[tomcat-embed-core-10.1.41.jar:10.1.41]
	at org.apache.catalina.core.ApplicationFilterChain.doFilter(ApplicationFilterChain.java:140) ~[tomcat-embed-core-10.1.41.jar:10.1.41]
	at org.springframework.web.filter.FormContentFilter.doFilterInternal(FormContentFilter.java:93) ~[spring-web-6.2.7.jar:6.2.7]
	at org.springframework.web.filter.OncePerRequestFilter.doFilter(OncePerRequestFilter.java:116) ~[spring-web-6.2.7.jar:6.2.7]
	at org.apache.catalina.core.ApplicationFilterChain.internalDoFilter(ApplicationFilterChain.java:164) ~[tomcat-embed-core-10.1.41.jar:10.1.41]
	at org.apache.catalina.core.ApplicationFilterChain.doFilter(ApplicationFilterChain.java:140) ~[tomcat-embed-core-10.1.41.jar:10.1.41]
	at org.springframework.web.filter.CharacterEncodingFilter.doFilterInternal(CharacterEncodingFilter.java:201) ~[spring-web-6.2.7.jar:6.2.7]
	at org.springframework.web.filter.OncePerRequestFilter.doFilter(OncePerRequestFilter.java:116) ~[spring-web-6.2.7.jar:6.2.7]
	at org.apache.catalina.core.ApplicationFilterChain.internalDoFilter(ApplicationFilterChain.java:164) ~[tomcat-embed-core-10.1.41.jar:10.1.41]
	at org.apache.catalina.core.ApplicationFilterChain.doFilter(ApplicationFilterChain.java:140) ~[tomcat-embed-core-10.1.41.jar:10.1.41]
	at org.apache.catalina.core.StandardWrapperValve.invoke(StandardWrapperValve.java:167) ~[tomcat-embed-core-10.1.41.jar:10.1.41]
	at org.apache.catalina.core.StandardContextValve.invoke(StandardContextValve.java:90) ~[tomcat-embed-core-10.1.41.jar:10.1.41]
	at org.apache.catalina.authenticator.AuthenticatorBase.invoke(AuthenticatorBase.java:483) ~[tomcat-embed-core-10.1.41.jar:10.1.41]
	at org.apache.catalina.core.StandardHostValve.invoke(StandardHostValve.java:116) ~[tomcat-embed-core-10.1.41.jar:10.1.41]
	at org.apache.catalina.valves.ErrorReportValve.invoke(ErrorReportValve.java:93) ~[tomcat-embed-core-10.1.41.jar:10.1.41]
	at org.apache.catalina.core.StandardEngineValve.invoke(StandardEngineValve.java:74) ~[tomcat-embed-core-10.1.41.jar:10.1.41]
	at org.apache.catalina.connector.CoyoteAdapter.service(CoyoteAdapter.java:344) ~[tomcat-embed-core-10.1.41.jar:10.1.41]
	at org.apache.coyote.http11.Http11Processor.service(Http11Processor.java:398) ~[tomcat-embed-core-10.1.41.jar:10.1.41]
	at org.apache.coyote.AbstractProcessorLight.process(AbstractProcessorLight.java:63) ~[tomcat-embed-core-10.1.41.jar:10.1.41]
	at org.apache.coyote.AbstractProtocol$ConnectionHandler.process(AbstractProtocol.java:903) ~[tomcat-embed-core-10.1.41.jar:10.1.41]
	at org.apache.tomcat.util.net.NioEndpoint$SocketProcessor.doRun(NioEndpoint.java:1740) ~[tomcat-embed-core-10.1.41.jar:10.1.41]
	at org.apache.tomcat.util.net.SocketProcessorBase.run(SocketProcessorBase.java:52) ~[tomcat-embed-core-10.1.41.jar:10.1.41]
	at org.apache.tomcat.util.threads.ThreadPoolExecutor.runWorker(ThreadPoolExecutor.java:1189) ~[tomcat-embed-core-10.1.41.jar:10.1.41]
	at org.apache.tomcat.util.threads.ThreadPoolExecutor$Worker.run(ThreadPoolExecutor.java:658) ~[tomcat-embed-core-10.1.41.jar:10.1.41]
	at org.apache.tomcat.util.threads.TaskThread$WrappingRunnable.run(TaskThread.java:63) ~[tomcat-embed-core-10.1.41.jar:10.1.41]
	at java.base/java.lang.Thread.run(Thread.java:1583) ~[na:na]

2025-06-22T09:50:10.167+05:30  INFO 15280 --- [user-microservice] [http-nio-8080-exec-8] c.h.u.service.UsersServiceImp            : Attempting to add user with ID: null
2025-06-22T09:50:10.213+05:30  INFO 15280 --- [user-microservice] [http-nio-8080-exec-8] c.h.u.service.UsersServiceImp            : User added successfully with ID: 302
2025-06-22T09:50:16.086+05:30  INFO 15280 --- [user-microservice] [http-nio-8080-exec-5] c.h.u.service.UsersServiceImp            : Attempting to add credential with ID: 302
2025-06-22T09:50:16.930+05:30  INFO 15280 --- [user-microservice] [http-nio-8080-exec-5] c.h.u.service.UsersServiceImp            : Credential added successfully with ID: 302
2025-06-22T09:50:22.869+05:30  INFO 15280 --- [user-microservice] [http-nio-8080-exec-3] c.h.u.service.UsersServiceImp            : Fetching credentials with username: yakesh
2025-06-22T09:50:22.890+05:30  INFO 15280 --- [user-microservice] [http-nio-8080-exec-3] c.h.u.service.UsersServiceImp            : Fetched credentials with username: yakesh
2025-06-22T09:51:38.219+05:30  INFO 15280 --- [user-microservice] [RMI TCP Connection(23)-127.0.0.1] inMXBeanRegistrar$SpringApplicationAdmin : Application shutdown requested.
2025-06-22T09:51:38.223+05:30  INFO 15280 --- [user-microservice] [RMI TCP Connection(23)-127.0.0.1] o.s.b.w.e.tomcat.GracefulShutdown        : Commencing graceful shutdown. Waiting for active requests to complete
2025-06-22T09:51:38.366+05:30  INFO 15280 --- [user-microservice] [tomcat-shutdown] o.s.b.w.e.tomcat.GracefulShutdown        : Graceful shutdown complete
2025-06-22T09:51:38.378+05:30  INFO 15280 --- [user-microservice] [RMI TCP Connection(23)-127.0.0.1] j.LocalContainerEntityManagerFactoryBean : Closing JPA EntityManagerFactory for persistence unit 'default'
2025-06-22T09:51:38.383+05:30  INFO 15280 --- [user-microservice] [RMI TCP Connection(23)-127.0.0.1] com.zaxxer.hikari.HikariDataSource       : HikariPool-1 - Shutdown initiated...
2025-06-22T09:51:38.404+05:30  INFO 15280 --- [user-microservice] [RMI TCP Connection(23)-127.0.0.1] com.zaxxer.hikari.HikariDataSource       : HikariPool-1 - Shutdown completed.
2025-06-22T11:14:32.918+05:30  INFO 14096 --- [user-microservice] [main] c.h.u.UserMicroserviceApplicationTests   : Starting UserMicroserviceApplicationTests using Java 21.0.6 with PID 14096 (started by Yakesh in C:\Users\Yakesh\Downloads\Spring Training Repo\Spring-Training\user-microservice)
2025-06-22T11:14:32.919+05:30  INFO 14096 --- [user-microservice] [main] c.h.u.UserMicroserviceApplicationTests   : No active profile set, falling back to 1 default profile: "default"
2025-06-22T11:14:33.905+05:30  INFO 14096 --- [user-microservice] [main] .s.d.r.c.RepositoryConfigurationDelegate : Bootstrapping Spring Data JPA repositories in DEFAULT mode.
2025-06-22T11:14:33.974+05:30  INFO 14096 --- [user-microservice] [main] .s.d.r.c.RepositoryConfigurationDelegate : Finished Spring Data repository scanning in 56 ms. Found 2 JPA repository interfaces.
2025-06-22T11:14:34.759+05:30  INFO 14096 --- [user-microservice] [main] o.hibernate.jpa.internal.util.LogHelper  : HHH000204: Processing PersistenceUnitInfo [name: default]
2025-06-22T11:14:34.826+05:30  INFO 14096 --- [user-microservice] [main] org.hibernate.Version                    : HHH000412: Hibernate ORM core version 6.6.15.Final
2025-06-22T11:14:34.853+05:30  INFO 14096 --- [user-microservice] [main] o.h.c.internal.RegionFactoryInitiator    : HHH000026: Second-level cache disabled
2025-06-22T11:14:34.938+05:30  INFO 14096 --- [user-microservice] [main] o.s.o.j.p.SpringPersistenceUnitInfo      : No LoadTimeWeaver setup: ignoring JPA class transformer
2025-06-22T11:14:34.959+05:30  INFO 14096 --- [user-microservice] [main] com.zaxxer.hikari.HikariDataSource       : HikariPool-1 - Starting...
2025-06-22T11:14:35.252+05:30  INFO 14096 --- [user-microservice] [main] com.zaxxer.hikari.pool.HikariPool        : HikariPool-1 - Added connection com.mysql.cj.jdbc.ConnectionImpl@4714f447
2025-06-22T11:14:35.254+05:30  INFO 14096 --- [user-microservice] [main] com.zaxxer.hikari.HikariDataSource       : HikariPool-1 - Start completed.
2025-06-22T11:14:35.306+05:30  WARN 14096 --- [user-microservice] [main] org.hibernate.orm.deprecation            : HHH90000025: MySQLDialect does not need to be specified explicitly using 'hibernate.dialect' (remove the property setting and it will be selected by default)
2025-06-22T11:14:35.322+05:30  INFO 14096 --- [user-microservice] [main] org.hibernate.orm.connections.pooling    : HHH10001005: Database info:
	Database JDBC URL [Connecting through datasource 'HikariDataSource (HikariPool-1)']
	Database driver: undefined/unknown
	Database version: 8.0.41
	Autocommit mode: undefined/unknown
	Isolation level: undefined/unknown
	Minimum pool size: undefined/unknown
	Maximum pool size: undefined/unknown
2025-06-22T11:14:35.958+05:30  INFO 14096 --- [user-microservice] [main] o.h.e.t.j.p.i.JtaPlatformInitiator       : HHH000489: No JTA platform available (set 'hibernate.transaction.jta.platform' to enable JTA platform integration)
2025-06-22T11:14:36.064+05:30  INFO 14096 --- [user-microservice] [main] j.LocalContainerEntityManagerFactoryBean : Initialized JPA EntityManagerFactory for persistence unit 'default'
2025-06-22T11:14:36.471+05:30  INFO 14096 --- [user-microservice] [main] eAuthenticationProviderManagerConfigurer : Global AuthenticationManager configured with AuthenticationProvider bean with name authenticationProvider
2025-06-22T11:14:36.472+05:30  WARN 14096 --- [user-microservice] [main] r$InitializeUserDetailsManagerConfigurer : Global AuthenticationManager configured with an AuthenticationProvider bean. UserDetailsService beans will not be used by Spring Security for automatically configuring username/password login. Consider removing the AuthenticationProvider bean. Alternatively, consider using the UserDetailsService in a manually instantiated DaoAuthenticationProvider. If the current configuration is intentional, to turn off this warning, increase the logging level of 'org.springframework.security.config.annotation.authentication.configuration.InitializeUserDetailsBeanManagerConfigurer' to ERROR
2025-06-22T11:14:36.666+05:30  WARN 14096 --- [user-microservice] [main] JpaBaseConfiguration$JpaWebConfiguration : spring.jpa.open-in-view is enabled by default. Therefore, database queries may be performed during view rendering. Explicitly configure spring.jpa.open-in-view to disable this warning
2025-06-22T11:14:37.077+05:30  WARN 14096 --- [user-microservice] [main] thorizationManagerRequestMatcherRegistry : One of the patterns in [api/users/**, api/users/asset/**, api/users/asset-request/**, api/users/asset-allocation/**, api/users/audit-request/**, api/users/service-request/**, api/credential/**] is missing a leading slash. This is discouraged; please include the leading slash in all your request matcher patterns. In future versions of Spring Security, leaving out the leading slash will result in an exception.
2025-06-22T11:14:37.576+05:30  INFO 14096 --- [user-microservice] [main] c.h.u.UserMicroserviceApplicationTests   : Started UserMicroserviceApplicationTests in 5.0 seconds (process running for 7.087)
2025-06-22T11:14:37.636+05:30  INFO 14096 --- [user-microservice] [SpringApplicationShutdownHook] j.LocalContainerEntityManagerFactoryBean : Closing JPA EntityManagerFactory for persistence unit 'default'
2025-06-22T11:14:37.638+05:30  INFO 14096 --- [user-microservice] [SpringApplicationShutdownHook] com.zaxxer.hikari.HikariDataSource       : HikariPool-1 - Shutdown initiated...
2025-06-22T11:14:37.645+05:30  INFO 14096 --- [user-microservice] [SpringApplicationShutdownHook] com.zaxxer.hikari.HikariDataSource       : HikariPool-1 - Shutdown completed.
